<?xml version="1.0" encoding="UTF-8"?>
<!-- Generated by org.testng.reporters.JUnitReportReporter -->
<testsuite hostname="QST-NB85070" failures="0" tests="3" name="SeleniumKursTest.SeleniumKursTestForm1" time="152.673" errors="0" timestamp="2024-10-10T07:33:59 MESZ" skipped="0">
  <testcase classname="SeleniumKursTest.SeleniumKursTestForm1" name="ftestForm1" time="50.888"/>
  <system-out/>
  <testcase classname="SeleniumKursTest.SeleniumKursTestForm1" name="ftestForm1" time="50.879"/>
  <system-out/>
  <testcase classname="SeleniumKursTest.SeleniumKursTestForm1" name="ftestForm1" time="50.906"/>
  <system-out/>
</testsuite> <!-- SeleniumKursTest.SeleniumKursTestForm1 -->
