<?xml version="1.0" encoding="UTF-8"?>
<!-- Generated by org.testng.reporters.JUnitReportReporter -->
<testsuite hostname="QST-NB85070" failures="0" tests="3" name="SeleniumKursTest.LoginSeleniumKursFehlschlag" time="22.653" errors="0" timestamp="2024-10-09T14:53:01 MESZ" skipped="0">
  <testcase classname="SeleniumKursTest.LoginSeleniumKursFehlschlag" name="testLogin" time="8.059"/>
  <system-out/>
  <testcase classname="SeleniumKursTest.LoginSeleniumKursFehlschlag" name="testLogin" time="7.330"/>
  <system-out/>
  <testcase classname="SeleniumKursTest.LoginSeleniumKursFehlschlag" name="testLogin" time="7.264"/>
  <system-out/>
</testsuite> <!-- SeleniumKursTest.LoginSeleniumKursFehlschlag -->
