<?xml version="1.0" encoding="UTF-8"?>
<!-- Generated by org.testng.reporters.JUnitReportReporter -->
<testsuite hostname="QST-NB85070" failures="0" tests="2" name="christophlichtblau.SeleniumKurs.tests.NewTest3" time="0.005" errors="0" timestamp="2024-10-09T11:17:52 MESZ" skipped="0">
  <testcase classname="christophlichtblau.SeleniumKurs.tests.NewTest3" name="x2" time="0.003"/>
  <system-out/>
  <testcase classname="christophlichtblau.SeleniumKurs.tests.NewTest3" name="x3" time="0.002"/>
  <system-out/>
</testsuite> <!-- christophlichtblau.SeleniumKurs.tests.NewTest3 -->
