<?xml version="1.0" encoding="UTF-8"?>
<!-- Generated by org.testng.reporters.JUnitReportReporter -->
<testsuite hostname="QST-NB85070" failures="0" tests="3" name="christophlichtblau.SeleniumKurs.tests.DependencyTest" time="0.029" errors="0" timestamp="2024-10-09T11:38:05 MESZ" skipped="0">
  <testcase classname="christophlichtblau.SeleniumKurs.tests.DependencyTest" name="methodFinal" time="0.015"/>
  <system-out/>
  <testcase classname="christophlichtblau.SeleniumKurs.tests.DependencyTest" name="preparedMethod2" time="0.007"/>
  <system-out/>
  <testcase classname="christophlichtblau.SeleniumKurs.tests.DependencyTest" name="preparedMethod1" time="0.007"/>
  <system-out/>
</testsuite> <!-- christophlichtblau.SeleniumKurs.tests.DependencyTest -->
