<?xml version="1.0" encoding="UTF-8"?>
<!-- Generated by org.testng.reporters.JUnitReportReporter -->
<testsuite hostname="QST-NB85070" failures="0" tests="6" name="christophlichtblau.SeleniumKurs.tests.ParameterTest3" time="0.072" errors="0" timestamp="2024-10-09T13:40:03 MESZ" skipped="0">
  <testcase classname="christophlichtblau.SeleniumKurs.tests.ParameterTest3" name="driverSetup2" time="0.008"/>
  <system-out/>
  <testcase classname="christophlichtblau.SeleniumKurs.tests.ParameterTest3" name="driverSetup2" time="0.022"/>
  <system-out/>
  <testcase classname="christophlichtblau.SeleniumKurs.tests.ParameterTest3" name="driverSetup2" time="0.019"/>
  <system-out/>
  <testcase classname="christophlichtblau.SeleniumKurs.tests.ParameterTest3" name="driverSetup2" time="0.011"/>
  <system-out/>
  <testcase classname="christophlichtblau.SeleniumKurs.tests.ParameterTest3" name="driverSetup2" time="0.006"/>
  <system-out/>
  <testcase classname="christophlichtblau.SeleniumKurs.tests.ParameterTest3" name="driverSetup2" time="0.006"/>
  <system-out/>
</testsuite> <!-- christophlichtblau.SeleniumKurs.tests.ParameterTest3 -->
