<?xml version="1.0" encoding="UTF-8"?>
<!-- Generated by org.testng.reporters.JUnitReportReporter -->
<testsuite hostname="QST-NB85070" failures="0" tests="3" name="christophlichtblau.SeleniumKurs.tests.NewTest" time="0.093" errors="0" timestamp="2024-10-09T11:38:05 MESZ" skipped="1">
  <testcase classname="christophlichtblau.SeleniumKurs.tests.NewTest" name="f3" time="0.010"/>
  <system-out/>
  <testcase classname="christophlichtblau.SeleniumKurs.tests.NewTest" name="f1" time="0.083"/>
  <system-out/>
  <testcase classname="christophlichtblau.SeleniumKurs.tests.NewTest" name="f2">
    <skipped/>
  </testcase> <!-- f2 -->
  <system-out/>
</testsuite> <!-- christophlichtblau.SeleniumKurs.tests.NewTest -->
