<?xml version="1.0" encoding="UTF-8"?>
<!-- Generated by org.testng.reporters.JUnitReportReporter -->
<testsuite hostname="QST-NB85070" failures="0" tests="1" name="christophlichtblau.SeleniumKurs.tests.ParameterTest1" time="0.018" errors="0" timestamp="2024-10-09T11:51:35 MESZ" skipped="0">
  <testcase classname="christophlichtblau.SeleniumKurs.tests.ParameterTest1" name="driverSetup1" time="0.018"/>
  <system-out/>
</testsuite> <!-- christophlichtblau.SeleniumKurs.tests.ParameterTest1 -->
