<?xml version="1.0" encoding="UTF-8"?>
<!-- Generated by org.testng.reporters.JUnitReportReporter -->
<testsuite hostname="QST-NB85070" failures="0" tests="2" name="christophlichtblau.SeleniumKurs.tests.NewTest2" time="0.004" errors="0" timestamp="2024-10-09T11:17:52 MESZ" skipped="0">
  <testcase classname="christophlichtblau.SeleniumKurs.tests.NewTest2" name="g3" time="0.002"/>
  <system-out/>
  <testcase classname="christophlichtblau.SeleniumKurs.tests.NewTest2" name="g1" time="0.002"/>
  <system-out/>
</testsuite> <!-- christophlichtblau.SeleniumKurs.tests.NewTest2 -->
